[Fri Feb 28 00:25:40.434463 2025] [mpm_prefork:notice] [pid 15817] AH00163: Apache/2.4.63 (Unix) PHP/8.4.4 configured -- resuming normal operations
[Fri Feb 28 00:25:40.434510 2025] [core:notice] [pid 15817] AH00094: Command line: '/opt/homebrew/opt/httpd/bin/httpd -D FOREGROUND'
[Sun Mar 02 19:21:07.736734 2025] [php:warn] [pid 15821] [client ::1:54194] PHP Warning:  include(parse_xml.php): Failed to open stream: No such file or directory in /Users/taras/localhost/index.php on line 3
[Sun Mar 02 19:21:07.737718 2025] [php:warn] [pid 15821] [client ::1:54194] PHP Warning:  include(): Failed opening 'parse_xml.php' for inclusion (include_path='.:/opt/homebrew/Cellar/php/8.4.4/share/php/pear') in /Users/taras/localhost/index.php on line 3
[Sun Mar 02 19:21:07.744343 2025] [php:error] [pid 15821] [client ::1:54194] PHP Fatal error:  Uncaught Error: Call to undefined function parseXML() in /Users/taras/localhost/index.php:7\nStack trace:\n#0 {main}\n  thrown in /Users/taras/localhost/index.php on line 7
[Sun Mar 02 19:22:53.385886 2025] [php:warn] [pid 15820] [client ::1:54200] PHP Warning:  include(parse_xml.php): Failed to open stream: No such file or directory in /Users/taras/localhost/index.php on line 3
[Sun Mar 02 19:22:53.387237 2025] [php:warn] [pid 15820] [client ::1:54200] PHP Warning:  include(): Failed opening 'parse_xml.php' for inclusion (include_path='.:/opt/homebrew/Cellar/php/8.4.4/share/php/pear') in /Users/taras/localhost/index.php on line 3
[Sun Mar 02 19:22:53.387673 2025] [php:error] [pid 15820] [client ::1:54200] PHP Fatal error:  Uncaught Error: Call to undefined function parseXML() in /Users/taras/localhost/index.php:7\nStack trace:\n#0 {main}\n  thrown in /Users/taras/localhost/index.php on line 7
[Sun Mar 02 19:24:12.994058 2025] [php:warn] [pid 15822] [client ::1:54214] PHP Warning:  include(parse_xml.php): Failed to open stream: No such file or directory in /Users/taras/localhost/index.php on line 3
[Sun Mar 02 19:24:12.995812 2025] [php:warn] [pid 15822] [client ::1:54214] PHP Warning:  include(): Failed opening 'parse_xml.php' for inclusion (include_path='.:/opt/homebrew/Cellar/php/8.4.4/share/php/pear') in /Users/taras/localhost/index.php on line 3
[Sun Mar 02 19:24:12.996291 2025] [php:error] [pid 15822] [client ::1:54214] PHP Fatal error:  Uncaught Error: Call to undefined function parseXML() in /Users/taras/localhost/index.php:7\nStack trace:\n#0 {main}\n  thrown in /Users/taras/localhost/index.php on line 7
[Sun Mar 02 19:24:18.981962 2025] [php:warn] [pid 15829] [client ::1:54217] PHP Warning:  include(parse_xml.php): Failed to open stream: No such file or directory in /Users/taras/localhost/index.php on line 3
[Sun Mar 02 19:24:18.982347 2025] [php:warn] [pid 15829] [client ::1:54217] PHP Warning:  include(): Failed opening 'parse_xml.php' for inclusion (include_path='.:/opt/homebrew/Cellar/php/8.4.4/share/php/pear') in /Users/taras/localhost/index.php on line 3
[Sun Mar 02 19:24:18.982722 2025] [php:error] [pid 15829] [client ::1:54217] PHP Fatal error:  Uncaught Error: Call to undefined function parseXML() in /Users/taras/localhost/index.php:7\nStack trace:\n#0 {main}\n  thrown in /Users/taras/localhost/index.php on line 7
[Sun Mar 02 19:25:57.019356 2025] [php:warn] [pid 15824] [client ::1:54218] PHP Warning:  include(parse_xml.php): Failed to open stream: No such file or directory in /Users/taras/localhost/index.php on line 3
[Sun Mar 02 19:25:57.020567 2025] [php:warn] [pid 15824] [client ::1:54218] PHP Warning:  include(): Failed opening 'parse_xml.php' for inclusion (include_path='.:/opt/homebrew/Cellar/php/8.4.4/share/php/pear') in /Users/taras/localhost/index.php on line 3
[Sun Mar 02 19:25:57.020809 2025] [php:error] [pid 15824] [client ::1:54218] PHP Fatal error:  Uncaught Error: Call to undefined function parseXML() in /Users/taras/localhost/index.php:7\nStack trace:\n#0 {main}\n  thrown in /Users/taras/localhost/index.php on line 7
[Sun Mar 02 19:28:16.575060 2025] [php:warn] [pid 15823] [client ::1:54229] PHP Warning:  include(parse_xml.php): Failed to open stream: No such file or directory in /Users/taras/localhost/index.php on line 3
[Sun Mar 02 19:28:16.578167 2025] [php:warn] [pid 15823] [client ::1:54229] PHP Warning:  include(): Failed opening 'parse_xml.php' for inclusion (include_path='.:/opt/homebrew/Cellar/php/8.4.4/share/php/pear') in /Users/taras/localhost/index.php on line 3
[Sun Mar 02 19:28:16.578576 2025] [php:error] [pid 15823] [client ::1:54229] PHP Fatal error:  Uncaught Error: Call to undefined function parseXML() in /Users/taras/localhost/index.php:7\nStack trace:\n#0 {main}\n  thrown in /Users/taras/localhost/index.php on line 7
[Sun Mar 02 19:30:45.591037 2025] [php:warn] [pid 15821] [client ::1:54237] PHP Warning:  include(parse_xml.php): Failed to open stream: No such file or directory in /Users/taras/localhost/index.php on line 3
[Sun Mar 02 19:30:45.592510 2025] [php:warn] [pid 15821] [client ::1:54237] PHP Warning:  include(): Failed opening 'parse_xml.php' for inclusion (include_path='.:/opt/homebrew/Cellar/php/8.4.4/share/php/pear') in /Users/taras/localhost/index.php on line 3
[Sun Mar 02 19:30:45.592988 2025] [php:error] [pid 15821] [client ::1:54237] PHP Fatal error:  Uncaught Error: Call to undefined function parseXML() in /Users/taras/localhost/index.php:9\nStack trace:\n#0 {main}\n  thrown in /Users/taras/localhost/index.php on line 9
[Sun Mar 02 19:43:37.446090 2025] [php:warn] [pid 15822] [client ::1:54276] PHP Warning:  include(parse_xml.php): Failed to open stream: No such file or directory in /Users/taras/localhost/index.php on line 5
[Sun Mar 02 19:43:37.448867 2025] [php:warn] [pid 15822] [client ::1:54276] PHP Warning:  include(): Failed opening 'parse_xml.php' for inclusion (include_path='.:/opt/homebrew/Cellar/php/8.4.4/share/php/pear') in /Users/taras/localhost/index.php on line 5
[Sun Mar 02 19:43:37.451712 2025] [php:error] [pid 15822] [client ::1:54276] PHP Fatal error:  Uncaught Error: Call to undefined function parseXML() in /Users/taras/localhost/index.php:9\nStack trace:\n#0 {main}\n  thrown in /Users/taras/localhost/index.php on line 9
[Sun Mar 02 19:45:41.185133 2025] [php:error] [pid 15824] [client ::1:54288] PHP Fatal error:  Cannot redeclare function getDBConnection() (previously declared in /Users/taras/localhost/db.php:3) in /Users/taras/localhost/db.php on line 3
[Sun Mar 02 19:45:41.441114 2025] [php:error] [pid 15824] [client ::1:54288] PHP Fatal error:  Cannot redeclare function getDBConnection() (previously declared in /Users/taras/localhost/db.php:3) in /Users/taras/localhost/db.php on line 3
[Sun Mar 02 19:51:23.690787 2025] [php:warn] [pid 15823] [client ::1:54306] PHP Warning:  Undefined array key "code" in /Users/taras/localhost/index.php on line 42
[Sun Mar 02 19:51:23.691667 2025] [php:warn] [pid 15823] [client ::1:54306] PHP Warning:  Undefined array key "code" in /Users/taras/localhost/index.php on line 42
[Sun Mar 02 19:51:23.691683 2025] [php:warn] [pid 15823] [client ::1:54306] PHP Warning:  Undefined array key "code" in /Users/taras/localhost/index.php on line 42
[Sun Mar 02 19:58:23.775172 2025] [php:error] [pid 15820] [client ::1:54322] PHP Fatal error:  Cannot redeclare function getDBConnection() (previously declared in /Users/taras/localhost/db.php:3) in /Users/taras/localhost/db.php on line 3
[Sun Mar 02 20:02:42.674695 2025] [php:error] [pid 15829] [client ::1:54336] PHP Fatal error:  Allowed memory size of 134217728 bytes exhausted (tried to allocate 84795392 bytes) in /Users/taras/localhost/index.php on line 12
[Sun Mar 02 20:05:59.773307 2025] [php:error] [pid 15823] [client ::1:54349] PHP Fatal error:  Cannot redeclare function getDBConnection() (previously declared in /Users/taras/localhost/db.php:3) in /Users/taras/localhost/db.php on line 3
[Sun Mar 02 20:07:45.069817 2025] [php:error] [pid 15821] [client ::1:54354] PHP Fatal error:  Cannot redeclare function getDBConnection() (previously declared in /Users/taras/localhost/db.php:3) in /Users/taras/localhost/db.php on line 3
[Sun Mar 02 20:09:47.729859 2025] [php:error] [pid 15822] [client ::1:54366] PHP Fatal error:  Cannot redeclare function getDBConnection() (previously declared in /Users/taras/localhost/db.php:3) in /Users/taras/localhost/db.php on line 3
[Sun Mar 02 20:11:48.332361 2025] [php:error] [pid 15824] [client ::1:54376] PHP Fatal error:  Allowed memory size of 134217728 bytes exhausted (tried to allocate 84795392 bytes) in /Users/taras/localhost/index.php on line 14
[Sun Mar 02 20:12:36.660721 2025] [php:error] [pid 15823] [client ::1:54377] PHP Fatal error:  Cannot redeclare function getDBConnection() (previously declared in /Users/taras/localhost/db.php:3) in /Users/taras/localhost/db.php on line 3
[Sun Mar 02 20:15:47.682588 2025] [php:error] [pid 15820] [client ::1:54399] PHP Fatal error:  Uncaught TypeError: Cannot access offset of type string on string in /Users/taras/localhost/process_names.php:10\nStack trace:\n#0 /Users/taras/localhost/index.php(24): saveNamesToDB(Array)\n#1 {main}\n  thrown in /Users/taras/localhost/process_names.php on line 10
[Sun Mar 02 20:29:02.296805 2025] [php:error] [pid 15829] [client ::1:54439] PHP Fatal error:  Cannot redeclare function getDBConnection() (previously declared in /Users/taras/localhost/db.php:4) in /Users/taras/localhost/db.php on line 4
[Sun Mar 02 20:47:41.508521 2025] [php:error] [pid 15829] [client ::1:54571] PHP Fatal error:  Cannot redeclare function getDBConnection() (previously declared in /Users/taras/localhost/db.php:2) in /Users/taras/localhost/db.php on line 2
[Sun Mar 02 20:55:33.829467 2025] [php:error] [pid 15823] [client ::1:54644] PHP Fatal error:  Cannot redeclare function getDBConnection() (previously declared in /Users/taras/localhost/db.php:4) in /Users/taras/localhost/db.php on line 4
[Sun Mar 02 21:03:38.441465 2025] [php:error] [pid 23174] [client ::1:54713] PHP Fatal error:  Uncaught Error: Call to undefined function processItem() in /Users/taras/localhost/index.php:24\nStack trace:\n#0 {main}\n  thrown in /Users/taras/localhost/index.php on line 24
[Sun Mar 02 21:05:13.884249 2025] [php:error] [pid 15824] [client ::1:54729] PHP Fatal error:  Cannot redeclare function getDBConnection() (previously declared in /Users/taras/localhost/db.php:4) in /Users/taras/localhost/db.php on line 4
[Sun Mar 02 21:06:02.508846 2025] [php:warn] [pid 15823] [client ::1:54731] PHP Warning:  Undefined variable $products in /Users/taras/localhost/index.php on line 39
[Sun Mar 02 21:06:02.509672 2025] [php:error] [pid 15823] [client ::1:54731] PHP Fatal error:  Uncaught TypeError: count(): Argument #1 ($value) must be of type Countable|array, null given in /Users/taras/localhost/index.php:39\nStack trace:\n#0 {main}\n  thrown in /Users/taras/localhost/index.php on line 39
[Sun Mar 02 21:09:55.612700 2025] [php:error] [pid 15822] [client ::1:54766] PHP Fatal error:  Cannot redeclare function getDBConnection() (previously declared in /Users/taras/localhost/db.php:4) in /Users/taras/localhost/db.php on line 4
[Sun Mar 02 21:11:21.248273 2025] [php:error] [pid 15829] [client ::1:54775] PHP Fatal error:  Cannot redeclare function getDBConnection() (previously declared in /Users/taras/localhost/db.php:4) in /Users/taras/localhost/db.php on line 4
[Sun Mar 02 21:11:34.204157 2025] [php:error] [pid 23174] [client ::1:54778] PHP Fatal error:  Allowed memory size of 134217728 bytes exhausted (tried to allocate 84795392 bytes) in /Users/taras/localhost/index.php on line 12
[Sun Mar 02 21:16:27.889631 2025] [php:error] [pid 23174] [client ::1:54809] PHP Fatal error:  Cannot redeclare function saveNamesToDB() (previously declared in /Users/taras/localhost/index.php:12) in /Users/taras/localhost/process_names.php on line 5
[Sun Mar 02 21:18:27.306525 2025] [php:error] [pid 15824] [client ::1:54817] PHP Fatal error:  Cannot redeclare function saveNamesToDB() (previously declared in /Users/taras/localhost/index.php:12) in /Users/taras/localhost/process_names.php on line 5
[Sun Mar 02 21:18:40.699223 2025] [php:error] [pid 15823] [client ::1:54821] PHP Fatal error:  Cannot redeclare function saveNamesToDB() (previously declared in /Users/taras/localhost/index.php:12) in /Users/taras/localhost/process_names.php on line 5
[Sun Mar 02 21:18:55.617914 2025] [php:error] [pid 15821] [client ::1:54824] PHP Fatal error:  Cannot redeclare function saveNamesToDB() (previously declared in /Users/taras/localhost/index.php:12) in /Users/taras/localhost/process_names.php on line 5
[Sun Mar 02 21:19:16.642729 2025] [php:error] [pid 15820] [client ::1:54828] PHP Fatal error:  Cannot redeclare function saveNamesToDB() (previously declared in /Users/taras/localhost/index.php:17) in /Users/taras/localhost/process_names.php on line 5
[Sun Mar 02 21:19:47.548927 2025] [php:error] [pid 15822] [client ::1:54833] PHP Fatal error:  Cannot redeclare function saveNamesToDB() (previously declared in /Users/taras/localhost/index.php:17) in /Users/taras/localhost/process_names.php on line 5
[Sun Mar 02 22:20:06.937394 2025] [php:error] [pid 15829] [client ::1:54946] PHP Fatal error:  Cannot redeclare function saveNamesToDB() (previously declared in /Users/taras/localhost/index.php:17) in /Users/taras/localhost/process_names.php on line 5
[Sun Mar 02 22:21:13.167545 2025] [php:error] [pid 23174] [client ::1:54949] PHP Fatal error:  Cannot redeclare function saveNamesToDB() (previously declared in /Users/taras/localhost/index.php:17) in /Users/taras/localhost/process_names.php on line 5
[Sun Mar 02 22:23:12.042291 2025] [php:error] [pid 15824] [client ::1:54955] PHP Fatal error:  Cannot redeclare function getDBConnection() (previously declared in /Users/taras/localhost/db.php:5) in /Users/taras/localhost/process_names.php on line 5
[Sun Mar 02 22:23:21.004307 2025] [php:error] [pid 15823] [client ::1:54959] PHP Fatal error:  Cannot redeclare function getDBConnection() (previously declared in /Users/taras/localhost/db.php:5) in /Users/taras/localhost/process_names.php on line 5
[Sun Mar 02 22:23:44.641124 2025] [php:error] [pid 15821] [client ::1:54971] PHP Fatal error:  Cannot redeclare function getDBConnection() (previously declared in /Users/taras/localhost/db.php:5) in /Users/taras/localhost/process_names.php on line 5
[Sun Mar 02 22:23:44.893598 2025] [php:error] [pid 15821] [client ::1:54971] PHP Fatal error:  Cannot redeclare function getDBConnection() (previously declared in /Users/taras/localhost/db.php:5) in /Users/taras/localhost/process_names.php on line 5
[Sun Mar 02 22:25:57.092101 2025] [php:error] [pid 15820] [client ::1:54983] PHP Fatal error:  Cannot redeclare function saveNamesToDB() (previously declared in /Users/taras/localhost/index.php:17) in /Users/taras/localhost/process_names.php on line 5
[Sun Mar 02 22:26:04.637565 2025] [php:error] [pid 15822] [client ::1:54984] PHP Fatal error:  Cannot redeclare function saveNamesToDB() (previously declared in /Users/taras/localhost/index.php:12) in /Users/taras/localhost/process_names.php on line 5
